Running for mul = 5, freq = 150
Getting data for 2025-03-03 00:00:00
Getting data for 2025-03-04 00:00:00
Getting data for 2025-03-05 00:00:00
Getting data for 2025-03-06 00:00:00
Getting data for 2025-03-07 00:00:00
Getting data for 2025-03-08 00:00:00
Getting data for 2025-03-09 00:00:00
Getting data for 2025-03-10 00:00:00
Getting data for 2025-03-11 00:00:00
Getting data for 2025-03-12 00:00:00
Getting data for 2025-03-13 00:00:00
Getting data for 2025-03-14 00:00:00
Getting data for 2025-03-15 00:00:00
Getting data for 2025-03-16 00:00:00
Getting data for 2025-03-17 00:00:00
Getting data for 2025-03-18 00:00:00
Getting data for 2025-03-19 00:00:00
Getting data for 2025-03-20 00:00:00
Getting data for 2025-03-21 00:00:00
Getting data for 2025-03-22 00:00:00
Getting data for 2025-03-23 00:00:00
Getting data for 2025-03-24 00:00:00
Getting data for 2025-03-25 00:00:00
Getting data for 2025-03-26 00:00:00
Getting data for 2025-03-27 00:00:00
Getting data for 2025-03-28 00:00:00
Getting data for 2025-03-29 00:00:00
Getting data for 2025-03-30 00:00:00
Getting data for 2025-03-31 00:00:00
1 - Basic features done
2 - Ratio features done
3 - Imbalance features done
4 - Rolling mean and std features done
5 - Diff features done
6 - Prev ref_prices features done
7 - Changes compared to prev imbalance features done
8 - MACD features done
252
0/693247 done
10000/693247 done
20000/693247 done
30000/693247 done
40000/693247 done
50000/693247 done
60000/693247 done
70000/693247 done
80000/693247 done
90000/693247 done
100000/693247 done
110000/693247 done
120000/693247 done
130000/693247 done
140000/693247 done
150000/693247 done
160000/693247 done
170000/693247 done
180000/693247 done
190000/693247 done
200000/693247 done
210000/693247 done
220000/693247 done
230000/693247 done
240000/693247 done
250000/693247 done
260000/693247 done
270000/693247 done
280000/693247 done
290000/693247 done
300000/693247 done
310000/693247 done
320000/693247 done
330000/693247 done
340000/693247 done
350000/693247 done
360000/693247 done
370000/693247 done
380000/693247 done
390000/693247 done
400000/693247 done
410000/693247 done
420000/693247 done
430000/693247 done
440000/693247 done
450000/693247 done
460000/693247 done
470000/693247 done
480000/693247 done
490000/693247 done
500000/693247 done
510000/693247 done
520000/693247 done
530000/693247 done
540000/693247 done
550000/693247 done
560000/693247 done
570000/693247 done
580000/693247 done
590000/693247 done
600000/693247 done
610000/693247 done
620000/693247 done
630000/693247 done
640000/693247 done
650000/693247 done
660000/693247 done
670000/693247 done
680000/693247 done
690000/693247 done
Basic pnl is -22045.707900002893
Final pnl is 3376.9421000003504
Roi is 0.0035987488985358166
max = 19.18000000000029
min = -16.479999999999563
Classification accuracy=51.57337198563029,608502
